#
# A fatal error has been detected by the Java Runtime Environment:
#
#  EXCEPTION_ACCESS_VIOLATION (0xc0000005) at pc=0x791d01fe, pid=27624, tid=0x00005424
#
# JRE version: Java(TM) SE Runtime Environment (8.0_191-b12) (build 1.8.0_191-b12)
# Java VM: Java HotSpot(TM) Client VM (25.191-b12 mixed mode windows-x86 )
# Problematic frame:
# V  [jvm.dll+0x1501fe]
#
# Failed to write core dump. Minidumps are not enabled by default on client versions of Windows
#
# If you would like to submit a bug report, please visit:
#   http://bugreport.java.com/bugreport/crash.jsp
#

---------------  T H R E A D  ---------------

Current thread (0x26980800):  VMThread [stack: 0x25ce0000,0x25d30000] [id=21540]

siginfo: ExceptionCode=0xc0000005, reading address 0x00000018

Registers:
EAX=0x274bec50, EBX=0x00000024, ECX=0x274bef70, EDX=0x274bec50
ESP=0x25d2fbb4, EBP=0x25d2fbb8, ESI=0x00000010, EDI=0x274be548
EIP=0x791d01fe, EFLAGS=0x00010202

Top of Stack: (sp=0x25d2fbb4)
0x25d2fbb4:   0000000a 25d2fbd0 79137c2e 274bec50
0x25d2fbc4:   00000001 00000030 00000000 25d2fbec
0x25d2fbd4:   791d028b 791d01f0 00000000 ddddddde
0x25d2fbe4:   405adddd 00000030 25d2fbfc 791d02e3
0x25d2fbf4:   25d2fc2c 00000000 25d2fc2c 791ebb8c
0x25d2fc04:   79230100 25d2fc18 00000000 00000000
0x25d2fc14:   25d2fc2c 1ded30d3 00000100 25d2fc60
0x25d2fc24:   79200008 00000000 25d2fc60 791ececd 

Instructions: (pc=0x791d01fe)
0x791d01de:   04 5d c2 04 00 33 c0 5d c2 04 00 cc cc cc cc cc
0x791d01ee:   cc cc 55 8b ec 8b 45 08 56 8b 70 0c 85 f6 74 27
0x791d01fe:   8b 56 08 8b c2 c1 e8 03 8b c8 d1 f9 85 c0 7e 09
0x791d020e:   85 c9 75 05 b9 01 00 00 00 03 c9 03 c9 83 e2 07 


Register to memory mapping:

EAX=0x274bec50 is pointing into metadata
EBX=0x00000024 is an unknown value
ECX=0x274bef70 is pointing into metadata
EDX=0x274bec50 is pointing into metadata
ESP=0x25d2fbb4 is an unknown value
EBP=0x25d2fbb8 is an unknown value
ESI=0x00000010 is an unknown value
EDI=0x274be548 is pointing into metadata


Stack: [0x25ce0000,0x25d30000],  sp=0x25d2fbb4,  free space=318k
Native frames: (J=compiled Java code, j=interpreted, Vv=VM code, C=native code)
V  [jvm.dll+0x1501fe]
V  [jvm.dll+0xb7c2e]
V  [jvm.dll+0x15028b]
V  [jvm.dll+0x1502e3]
V  [jvm.dll+0x16bb8c]
V  [jvm.dll+0x16cecd]
V  [jvm.dll+0x1844d1]
V  [jvm.dll+0x184832]
V  [jvm.dll+0x1c57a6]
C  [msvcr100.dll+0x5c556]
C  [msvcr100.dll+0x5c600]
C  [KERNEL32.DLL+0x16739]
C  [ntdll.dll+0x68fef]
C  [ntdll.dll+0x68fbd]


---------------  P R O C E S S  ---------------

Java Threads: ( => current thread )
  0x28a12c00 JavaThread "DestroyJavaVM" [_thread_blocked, id=14560, stack(0x03320000,0x03370000)]
  0x2a8b6000 JavaThread "TimerQueue" daemon [_thread_blocked, id=25324, stack(0x28880000,0x288d0000)]
  0x2a8b5000 JavaThread "Batik CleanerThread" daemon [_thread_blocked, id=10296, stack(0x2bcb0000,0x2bd00000)]
  0x2a8b7800 JavaThread "AWT-EventQueue-0" [_thread_blocked, id=12244, stack(0x2b950000,0x2b9a0000)]
  0x2a8b7000 JavaThread "AWT-Shutdown" [_thread_blocked, id=13860, stack(0x2a390000,0x2a3e0000)]
  0x26a2cc00 JavaThread "JmDNS(100-82-166-241.local.).State.Timer" [_thread_blocked, id=20868, stack(0x2b580000,0x2b5d0000)]
  0x26a2c400 JavaThread "JmDNS(100-82-166-241.local.).Timer" daemon [_thread_blocked, id=26240, stack(0x2b4f0000,0x2b540000)]
  0x2a806c00 JavaThread "SocketListener(100-82-166-241.local.)" daemon [_thread_in_native, id=32360, stack(0x27680000,0x276d0000)]
  0x2a6b8000 JavaThread "Multihomed mDNS.Timer" daemon [_thread_blocked, id=21228, stack(0x05590000,0x055e0000)]
  0x2a6cc800 JavaThread "cc.arduino.packages.discoverers.serial.SerialDiscovery" [_thread_blocked, id=29100, stack(0x2b0c0000,0x2b110000)]
  0x271fb400 JavaThread "AWT-Windows" daemon [_thread_in_native, id=31132, stack(0x27710000,0x27760000)]
  0x271fa400 JavaThread "Java2D Disposer" daemon [_thread_blocked, id=12388, stack(0x275f0000,0x27640000)]
  0x269b2800 JavaThread "Service Thread" daemon [_thread_blocked, id=13388, stack(0x26e80000,0x26ed0000)]
  0x269bf000 JavaThread "C1 CompilerThread0" daemon [_thread_blocked, id=13324, stack(0x26df0000,0x26e40000)]
  0x269bdc00 JavaThread "Attach Listener" daemon [_thread_blocked, id=29504, stack(0x26d60000,0x26db0000)]
  0x269bbc00 JavaThread "Signal Dispatcher" daemon [_thread_blocked, id=23000, stack(0x26cd0000,0x26d20000)]
  0x2699c000 JavaThread "Finalizer" daemon [_thread_blocked, id=22280, stack(0x26b80000,0x26bd0000)]
  0x26996000 JavaThread "Reference Handler" daemon [_thread_blocked, id=17372, stack(0x25d70000,0x25dc0000)]

Other Threads:
=>0x26980800 VMThread [stack: 0x25ce0000,0x25d30000] [id=21540]
  0x269b5c00 WatcherThread [stack: 0x26f10000,0x26f60000] [id=27344]

VM state:at safepoint (normal execution)

VM Mutex/Monitor currently owned by a thread:  ([mutex/lock_event])
[0x0308d9f0] Safepoint_lock - owner thread: 0x26980800
[0x0308e7b0] Threads_lock - owner thread: 0x26980800

Heap:
 def new generation   total 67072K, used 24729K [0x05800000, 0x0a0c0000, 0x102a0000)
  eden space 59648K,  36% used [0x05800000, 0x06d046d0, 0x09240000)
  from space 7424K,  43% used [0x09980000, 0x09ca1e90, 0x0a0c0000)
  to   space 7424K,   0% used [0x09240000, 0x09240000, 0x09980000)
 tenured generation   total 148852K, used 89310K [0x102a0000, 0x193fd000, 0x25800000)
   the space 148852K,  59% used [0x102a0000, 0x159d78a8, 0x159d7a00, 0x193fd000)
 Metaspace       used 21781K, capacity 22315K, committed 22400K, reserved 22912K

Card table byte_map: [0x05610000,0x05720000] byte_map_base: 0x055e4000

Polling page: 0x01810000

CodeCache: size=32768Kb used=2631Kb max_used=5035Kb free=30136Kb
 bounds [0x034d0000, 0x039c0000, 0x054d0000]
 total_blobs=1508 nmethods=1228 adapters=209
 compilation: enabled

Compilation events (10 events):
Event: 10234.429 Thread 0x269bf000 5039             java.util.ArrayList::ensureExplicitCapacity (26 bytes)
Event: 10234.429 Thread 0x269bf000 nmethod 5039 0x0382ee48 code [0x0382ef50, 0x0382effc]
Event: 10234.429 Thread 0x269bf000 5040             java.util.Collections::synchronizedList (27 bytes)
Event: 10234.430 Thread 0x269bf000 nmethod 5040 0x0382e8c8 code [0x0382e9f0, 0x0382ec98]
Event: 10234.433 Thread 0x269bf000 5041   !         java.util.Collections$SynchronizedCollection::toArray (24 bytes)
Event: 10234.435 Thread 0x269bf000 nmethod 5041 0x0382e4c8 code [0x0382e5d0, 0x0382e7dc]
Event: 10234.435 Thread 0x269bf000 5042   !         javax.jmdns.impl.DNSIncoming::<init> (561 bytes)
Event: 10234.440 Thread 0x269bf000 nmethod 5042 0x03922c08 code [0x03923040, 0x03924c2c]
Event: 10234.440 Thread 0x269bf000 5043             java.util.Arrays::equals (54 bytes)
Event: 10234.441 Thread 0x269bf000 nmethod 5043 0x0382e1c8 code [0x0382e2d0, 0x0382e400]

GC Heap History (10 events):
Event: 65.295 GC heap before
{Heap before GC invocations=12 (full 2):
 def new generation   total 65984K, used 60475K [0x05800000, 0x09f90000, 0x102a0000)
  eden space 58688K, 100% used [0x05800000, 0x09150000, 0x09150000)
  from space 7296K,  24% used [0x09150000, 0x0930ee58, 0x09870000)
  to   space 7296K,   0% used [0x09870000, 0x09870000, 0x09f90000)
 tenured generation   total 146432K, used 103906K [0x102a0000, 0x191a0000, 0x25800000)
   the space 146432K,  70% used [0x102a0000, 0x16818b70, 0x16818c00, 0x191a0000)
 Metaspace       used 21280K, capacity 21809K, committed 21888K, reserved 21888K
Event: 65.364 GC heap after
Heap after GC invocations=13 (full 2):
 def new generation   total 65984K, used 7296K [0x05800000, 0x09f90000, 0x102a0000)
  eden space 58688K,   0% used [0x05800000, 0x05800000, 0x09150000)
  from space 7296K, 100% used [0x09870000, 0x09f90000, 0x09f90000)
  to   space 7296K,   0% used [0x09150000, 0x09150000, 0x09870000)
 tenured generation   total 146432K, used 143570K [0x102a0000, 0x191a0000, 0x25800000)
   the space 146432K,  98% used [0x102a0000, 0x18ed4b38, 0x18ed4c00, 0x191a0000)
 Metaspace       used 21280K, capacity 21809K, committed 21888K, reserved 21888K
}
Event: 357.762 GC heap before
{Heap before GC invocations=13 (full 2):
 def new generation   total 65984K, used 65984K [0x05800000, 0x09f90000, 0x102a0000)
  eden space 58688K, 100% used [0x05800000, 0x09150000, 0x09150000)
  from space 7296K, 100% used [0x09870000, 0x09f90000, 0x09f90000)
  to   space 7296K,   0% used [0x09150000, 0x09150000, 0x09870000)
 tenured generation   total 146432K, used 143570K [0x102a0000, 0x191a0000, 0x25800000)
   the space 146432K,  98% used [0x102a0000, 0x18ed4b38, 0x18ed4c00, 0x191a0000)
 Metaspace       used 21577K, capacity 22092K, committed 22144K, reserved 22912K
Event: 357.950 GC heap after
Heap after GC invocations=14 (full 3):
 def new generation   total 67072K, used 0K [0x05800000, 0x0a0c0000, 0x102a0000)
  eden space 59648K,   0% used [0x05800000, 0x05800000, 0x09240000)
  from space 7424K,   0% used [0x09240000, 0x09240000, 0x09980000)
  to   space 7424K,   0% used [0x09980000, 0x09980000, 0x0a0c0000)
 tenured generation   total 148852K, used 89310K [0x102a0000, 0x193fd000, 0x25800000)
   the space 148852K,  59% used [0x102a0000, 0x159d78a8, 0x159d7a00, 0x193fd000)
 Metaspace       used 21522K, capacity 22012K, committed 22144K, reserved 22912K
}
Event: 1634.290 GC heap before
{Heap before GC invocations=14 (full 3):
 def new generation   total 67072K, used 59648K [0x05800000, 0x0a0c0000, 0x102a0000)
  eden space 59648K, 100% used [0x05800000, 0x09240000, 0x09240000)
  from space 7424K,   0% used [0x09240000, 0x09240000, 0x09980000)
  to   space 7424K,   0% used [0x09980000, 0x09980000, 0x0a0c0000)
 tenured generation   total 148852K, used 89310K [0x102a0000, 0x193fd000, 0x25800000)
   the space 148852K,  59% used [0x102a0000, 0x159d78a8, 0x159d7a00, 0x193fd000)
 Metaspace       used 21626K, capacity 22143K, committed 22272K, reserved 22912K
Event: 1634.294 GC heap after
Heap after GC invocations=15 (full 3):
 def new generation   total 67072K, used 2952K [0x05800000, 0x0a0c0000, 0x102a0000)
  eden space 59648K,   0% used [0x05800000, 0x05800000, 0x09240000)
  from space 7424K,  39% used [0x09980000, 0x09c621d0, 0x0a0c0000)
  to   space 7424K,   0% used [0x09240000, 0x09240000, 0x09980000)
 tenured generation   total 148852K, used 89310K [0x102a0000, 0x193fd000, 0x25800000)
   the space 148852K,  59% used [0x102a0000, 0x159d78a8, 0x159d7a00, 0x193fd000)
 Metaspace       used 21626K, capacity 22143K, committed 22272K, reserved 22912K
}
Event: 2017.634 GC heap before
{Heap before GC invocations=15 (full 3):
 def new generation   total 67072K, used 62600K [0x05800000, 0x0a0c0000, 0x102a0000)
  eden space 59648K, 100% used [0x05800000, 0x09240000, 0x09240000)
  from space 7424K,  39% used [0x09980000, 0x09c621d0, 0x0a0c0000)
  to   space 7424K,   0% used [0x09240000, 0x09240000, 0x09980000)
 tenured generation   total 148852K, used 89310K [0x102a0000, 0x193fd000, 0x25800000)
   the space 148852K,  59% used [0x102a0000, 0x159d78a8, 0x159d7a00, 0x193fd000)
 Metaspace       used 21772K, capacity 22308K, committed 22400K, reserved 22912K
Event: 2017.637 GC heap after
Heap after GC invocations=16 (full 3):
 def new generation   total 67072K, used 2061K [0x05800000, 0x0a0c0000, 0x102a0000)
  eden space 59648K,   0% used [0x05800000, 0x05800000, 0x09240000)
  from space 7424K,  27% used [0x09240000, 0x09443438, 0x09980000)
  to   space 7424K,   0% used [0x09980000, 0x09980000, 0x0a0c0000)
 tenured generation   total 148852K, used 89310K [0x102a0000, 0x193fd000, 0x25800000)
   the space 148852K,  59% used [0x102a0000, 0x159d78a8, 0x159d7a00, 0x193fd000)
 Metaspace       used 21772K, capacity 22308K, committed 22400K, reserved 22912K
}
Event: 2412.704 GC heap before
{Heap before GC invocations=16 (full 3):
 def new generation   total 67072K, used 61709K [0x05800000, 0x0a0c0000, 0x102a0000)
  eden space 59648K, 100% used [0x05800000, 0x09240000, 0x09240000)
  from space 7424K,  27% used [0x09240000, 0x09443438, 0x09980000)
  to   space 7424K,   0% used [0x09980000, 0x09980000, 0x0a0c0000)
 tenured generation   total 148852K, used 89310K [0x102a0000, 0x193fd000, 0x25800000)
   the space 148852K,  59% used [0x102a0000, 0x159d78a8, 0x159d7a00, 0x193fd000)
 Metaspace       used 21772K, capacity 22308K, committed 22400K, reserved 22912K
Event: 2412.707 GC heap after
Heap after GC invocations=17 (full 3):
 def new generation   total 67072K, used 3207K [0x05800000, 0x0a0c0000, 0x102a0000)
  eden space 59648K,   0% used [0x05800000, 0x05800000, 0x09240000)
  from space 7424K,  43% used [0x09980000, 0x09ca1e90, 0x0a0c0000)
  to   space 7424K,   0% used [0x09240000, 0x09240000, 0x09980000)
 tenured generation   total 148852K, used 89310K [0x102a0000, 0x193fd000, 0x25800000)
   the space 148852K,  59% used [0x102a0000, 0x159d78a8, 0x159d7a00, 0x193fd000)
 Metaspace       used 21772K, capacity 22308K, committed 22400K, reserved 22912K
}

Deoptimization events (0 events):
No events

Classes redefined (0 events):
No events

Internal exceptions (10 events):
Event: 2447.267 Thread 0x28a0e000 Exception <a 'sun/nio/fs/WindowsException'> (0x065f8e98) thrown at [C:\workspace\8-2-build-windows-i586-cygwin\jdk8u191\11896\hotspot\src\share\vm\prims\jni.cpp, line 709]
Event: 2447.267 Thread 0x28a0e000 Exception <a 'sun/nio/fs/WindowsException'> (0x065f95f8) thrown at [C:\workspace\8-2-build-windows-i586-cygwin\jdk8u191\11896\hotspot\src\share\vm\prims\jni.cpp, line 709]
Event: 2447.267 Thread 0x28a0e000 Exception <a 'sun/nio/fs/WindowsException'> (0x06603178) thrown at [C:\workspace\8-2-build-windows-i586-cygwin\jdk8u191\11896\hotspot\src\share\vm\prims\jni.cpp, line 709]
Event: 2447.267 Thread 0x28a0e000 Exception <a 'sun/nio/fs/WindowsException'> (0x06603888) thrown at [C:\workspace\8-2-build-windows-i586-cygwin\jdk8u191\11896\hotspot\src\share\vm\prims\jni.cpp, line 709]
Event: 2447.268 Thread 0x28a0e000 Exception <a 'sun/nio/fs/WindowsException'> (0x0660d620) thrown at [C:\workspace\8-2-build-windows-i586-cygwin\jdk8u191\11896\hotspot\src\share\vm\prims\jni.cpp, line 709]
Event: 2447.268 Thread 0x28a0e000 Exception <a 'sun/nio/fs/WindowsException'> (0x0660dd08) thrown at [C:\workspace\8-2-build-windows-i586-cygwin\jdk8u191\11896\hotspot\src\share\vm\prims\jni.cpp, line 709]
Event: 2447.269 Thread 0x28a0e000 Exception <a 'sun/nio/fs/WindowsException'> (0x06618d80) thrown at [C:\workspace\8-2-build-windows-i586-cygwin\jdk8u191\11896\hotspot\src\share\vm\prims\jni.cpp, line 709]
Event: 2447.269 Thread 0x28a0e000 Exception <a 'sun/nio/fs/WindowsException'> (0x066194a0) thrown at [C:\workspace\8-2-build-windows-i586-cygwin\jdk8u191\11896\hotspot\src\share\vm\prims\jni.cpp, line 709]
Event: 2447.271 Thread 0x28a0e000 Exception <a 'sun/nio/fs/WindowsException'> (0x06625db8) thrown at [C:\workspace\8-2-build-windows-i586-cygwin\jdk8u191\11896\hotspot\src\share\vm\prims\jni.cpp, line 709]
Event: 2447.271 Thread 0x28a0e000 Exception <a 'sun/nio/fs/WindowsException'> (0x0662a360) thrown at [C:\workspace\8-2-build-windows-i586-cygwin\jdk8u191\11896\hotspot\src\share\vm\prims\jni.cpp, line 709]

Events (10 events):
Event: 2926.456 Thread 0x269bf000 flushing nmethod 0x035c93c8
Event: 2926.456 Thread 0x269bf000 flushing nmethod 0x035ca908
Event: 2972.809 Thread 0x269bf000 flushing nmethod 0x03865248
Event: 2972.809 Thread 0x269bf000 flushing nmethod 0x039ba308
Event: 2976.531 Thread 0x269bf000 flushing nmethod 0x035a0348
Event: 2976.531 Thread 0x269bf000 flushing nmethod 0x035bee08
Event: 2976.531 Thread 0x269bf000 flushing nmethod 0x035c1348
Event: 2976.531 Thread 0x269bf000 flushing nmethod 0x035d2508
Event: 10234.381 loading class javax/jmdns/impl/constants/DNSResultCode
Event: 10234.381 loading class javax/jmdns/impl/constants/DNSResultCode done


Dynamic libraries:
0x00be0000 - 0x00c13000 	C:\Program Files (x86)\Arduino\java\bin\javaw.exe
0x77820000 - 0x779ca000 	C:\WINDOWS\SYSTEM32\ntdll.dll
0x75aa0000 - 0x75b90000 	C:\WINDOWS\System32\KERNEL32.DLL
0x77130000 - 0x77387000 	C:\WINDOWS\System32\KERNELBASE.dll
0x756d0000 - 0x7574c000 	C:\WINDOWS\System32\ADVAPI32.dll
0x76f70000 - 0x77032000 	C:\WINDOWS\System32\msvcrt.dll
0x75640000 - 0x756ba000 	C:\WINDOWS\System32\sechost.dll
0x77070000 - 0x7712b000 	C:\WINDOWS\System32\RPCRT4.dll
0x775a0000 - 0x7774c000 	C:\WINDOWS\System32\USER32.dll
0x75990000 - 0x759aa000 	C:\WINDOWS\System32\win32u.dll
0x76cf0000 - 0x76d12000 	C:\WINDOWS\System32\GDI32.dll
0x75c90000 - 0x75d6f000 	C:\WINDOWS\System32\gdi32full.dll
0x759c0000 - 0x75a3b000 	C:\WINDOWS\System32\msvcp_win.dll
0x75d70000 - 0x75e82000 	C:\WINDOWS\System32\ucrtbase.dll
0x6e330000 - 0x6e553000 	C:\WINDOWS\WinSxS\x86_microsoft.windows.common-controls_6595b64144ccf1df_6.0.22000.120_none_e541a94fcce8ed6d\COMCTL32.dll
0x77040000 - 0x77065000 	C:\WINDOWS\System32\IMM32.DLL
0x6eef0000 - 0x6efaf000 	C:\Program Files (x86)\Arduino\java\bin\msvcr100.dll
0x79080000 - 0x79453000 	C:\Program Files (x86)\Arduino\java\bin\client\jvm.dll
0x756c0000 - 0x756c6000 	C:\WINDOWS\System32\PSAPI.DLL
0x75540000 - 0x75548000 	C:\WINDOWS\SYSTEM32\VERSION.dll
0x731d0000 - 0x73201000 	C:\WINDOWS\SYSTEM32\WINMM.dll
0x63ba0000 - 0x63ba8000 	C:\WINDOWS\SYSTEM32\WSOCK32.dll
0x76d20000 - 0x76d84000 	C:\WINDOWS\System32\WS2_32.dll
0x6eec0000 - 0x6eef0000 	C:\Program Files (x86)\Arduino\java\bin\splashscreen.dll
0x71800000 - 0x71882000 	C:\WINDOWS\system32\uxtheme.dll
0x76a60000 - 0x76ceb000 	C:\WINDOWS\System32\combase.dll
0x6f290000 - 0x6f29c000 	C:\Program Files (x86)\Arduino\java\bin\verify.dll
0x6ee90000 - 0x6eeb2000 	C:\Program Files (x86)\Arduino\java\bin\java.dll
0x774c0000 - 0x7759a000 	C:\WINDOWS\System32\MSCTF.dll
0x6f0d0000 - 0x6f0e4000 	C:\Program Files (x86)\Arduino\java\bin\zip.dll
0x75570000 - 0x75582000 	C:\WINDOWS\SYSTEM32\kernel.appcore.dll
0x76d90000 - 0x76df4000 	C:\WINDOWS\System32\bcryptPrimitives.dll
0x63c50000 - 0x63d31000 	C:\WINDOWS\SYSTEM32\textinputframework.dll
0x757a0000 - 0x7583c000 	C:\WINDOWS\System32\OLEAUT32.dll
0x54260000 - 0x5432b000 	C:\WINDOWS\SYSTEM32\CoreMessaging.dll
0x7ab40000 - 0x7add3000 	C:\WINDOWS\SYSTEM32\CoreUIComponents.dll
0x73940000 - 0x73a2a000 	C:\WINDOWS\SYSTEM32\wintypes.dll
0x72f10000 - 0x72f1b000 	C:\WINDOWS\SYSTEM32\CRYPTBASE.DLL
0x73210000 - 0x73265000 	C:\WINDOWS\system32\Oleacc.dll
0x76390000 - 0x76992000 	C:\WINDOWS\System32\SHELL32.dll
0x73a30000 - 0x740d2000 	C:\WINDOWS\SYSTEM32\windows.storage.dll
0x773f0000 - 0x774b1000 	C:\WINDOWS\System32\SHCORE.dll
0x75750000 - 0x7579a000 	C:\WINDOWS\System32\shlwapi.dll
0x75340000 - 0x75358000 	C:\WINDOWS\SYSTEM32\profapi.dll
0x61940000 - 0x619b3000 	C:\Program Files (x86)\Arduino\lib\listSerialsj.dll
0x75ef0000 - 0x7632b000 	C:\WINDOWS\System32\SETUPAPI.dll
0x75500000 - 0x7553b000 	C:\WINDOWS\SYSTEM32\cfgmgr32.DLL
0x6ee70000 - 0x6ee8d000 	C:\Program Files (x86)\Arduino\lib\jnidispatch-4.2.2-win32-x86.dll
0x75840000 - 0x7598d000 	C:\WINDOWS\System32\Ole32.dll
0x6ee50000 - 0x6ee65000 	C:\Program Files (x86)\Arduino\java\bin\net.dll
0x74350000 - 0x743a0000 	C:\WINDOWS\system32\mswsock.dll
0x6ee40000 - 0x6ee4f000 	C:\Program Files (x86)\Arduino\java\bin\nio.dll
0x78f30000 - 0x79077000 	C:\Program Files (x86)\Arduino\java\bin\awt.dll
0x72f20000 - 0x72fc0000 	C:\WINDOWS\SYSTEM32\apphelp.dll
0x715f0000 - 0x71617000 	C:\WINDOWS\system32\DWMAPI.DLL
0x6ee00000 - 0x6ee39000 	C:\Program Files (x86)\Arduino\java\bin\fontmanager.dll
0x51a50000 - 0x51b30000 	C:\WINDOWS\system32\opengl32.dll
0x51a00000 - 0x51a41000 	C:\WINDOWS\SYSTEM32\GLU32.dll
0x64170000 - 0x6419e000 	C:\WINDOWS\SYSTEM32\dxcore.dll
0x6edc0000 - 0x6edf2000 	C:\Program Files (x86)\Arduino\java\bin\t2k.dll
0x71200000 - 0x71224000 	C:\WINDOWS\SYSTEM32\DEVOBJ.dll
0x75a40000 - 0x75a91000 	C:\WINDOWS\System32\WINTRUST.dll
0x75b90000 - 0x75c8e000 	C:\WINDOWS\System32\CRYPT32.dll
0x717c0000 - 0x717ce000 	C:\WINDOWS\SYSTEM32\MSASN1.dll
0x749c0000 - 0x749e4000 	C:\WINDOWS\SYSTEM32\IPHLPAPI.DLL
0x769c0000 - 0x769c7000 	C:\WINDOWS\System32\NSI.dll
0x71620000 - 0x71635000 	C:\WINDOWS\SYSTEM32\dhcpcsvc6.DLL
0x73040000 - 0x73057000 	C:\WINDOWS\SYSTEM32\dhcpcsvc.DLL
0x71c70000 - 0x71d1f000 	C:\WINDOWS\SYSTEM32\DNSAPI.dll
0x716e0000 - 0x716f3000 	C:\WINDOWS\SYSTEM32\CRYPTSP.dll
0x716b0000 - 0x716df000 	C:\WINDOWS\system32\rsaenh.dll
0x75360000 - 0x7537f000 	C:\WINDOWS\SYSTEM32\USERENV.dll
0x75590000 - 0x755a9000 	C:\WINDOWS\SYSTEM32\bcrypt.dll
0x71430000 - 0x71442000 	C:\WINDOWS\system32\napinsp.dll
0x71410000 - 0x71426000 	C:\WINDOWS\system32\pnrpnsp.dll
0x71400000 - 0x7140e000 	C:\WINDOWS\System32\winrnr.dll
0x713e0000 - 0x713f1000 	C:\WINDOWS\system32\wshbth.dll
0x713c0000 - 0x713d9000 	C:\WINDOWS\system32\nlansp_c.dll
0x714d0000 - 0x714d8000 	C:\Windows\System32\rasadhlp.dll
0x77a30000 - 0x77a50000 	C:\Program Files (x86)\Arduino\java\bin\sunec.dll
0x77a20000 - 0x77a29000 	C:\Program Files (x86)\Arduino\java\bin\sunmscapi.dll
0x74860000 - 0x748bb000 	C:\WINDOWS\System32\fwpuclnt.dll
0x79460000 - 0x794c9000 	C:\Program Files (x86)\Arduino\msvcp100.dll
0x794d0000 - 0x7958e000 	C:\Program Files (x86)\Arduino\msvcr100.dll
0x2bb30000 - 0x2bb62000 	C:\Program Files (x86)\Arduino\lib\AStylej.dll
0x779f0000 - 0x77a14000 	C:\Program Files (x86)\Arduino\java\bin\dcpr.dll
0x769d0000 - 0x76a52000 	C:\WINDOWS\System32\clbcatq.dll
0x6e600000 - 0x6e760000 	C:\WINDOWS\SYSTEM32\WindowsCodecs.dll
0x63670000 - 0x636be000 	C:\WINDOWS\system32\dataexchange.dll
0x630d0000 - 0x632c7000 	C:\WINDOWS\system32\twinapi.appcore.dll
0x6d500000 - 0x6d557000 	C:\WINDOWS\system32\Ninput.dll
0x74110000 - 0x742d7000 	C:\WINDOWS\SYSTEM32\dbghelp.dll

VM Arguments:
jvm_args: -Dsun.java2d.d3d=false -Djna.nosys=true -Djna.nounpack=true -Djna.boot.library.name=jnidispatch-4.2.2-win32-x86 -Djna.boot.library.path=C:\Program Files (x86)\Arduino/lib -Djssc.library.path=C:\Program Files (x86)\Arduino/lib -DAPP_DIR=C:\Program Files (x86)\Arduino -Xms128M -Xmx512M -Dfile.encoding=UTF8 -Djava.net.preferIPv4Stack=true 
java_command: processing.app.Base C:\Users\gnome\Documents\ECE 16 Files\Github Classroom\ece-16-spring-2022-ZCadieux\Arduino\Lab 6\Challenge2OnlineHRMonitor\Challenge2OnlineHRMonitor.ino
java_class_path (initial): C:\Program Files (x86)\Arduino\lib\apple.jar;C:\Program Files (x86)\Arduino\lib\arduino-core.jar;C:\Program Files (x86)\Arduino\lib\batik-1.8.jar;C:\Program Files (x86)\Arduino\lib\batik-anim-1.8.jar;C:\Program Files (x86)\Arduino\lib\batik-awt-util-1.8.jar;C:\Program Files (x86)\Arduino\lib\batik-bridge-1.8.jar;C:\Program Files (x86)\Arduino\lib\batik-codec-1.8.jar;C:\Program Files (x86)\Arduino\lib\batik-css-1.8.jar;C:\Program Files (x86)\Arduino\lib\batik-dom-1.8.jar;C:\Program Files (x86)\Arduino\lib\batik-ext-1.8.jar;C:\Program Files (x86)\Arduino\lib\batik-gvt-1.8.jar;C:\Program Files (x86)\Arduino\lib\batik-parser-1.8.jar;C:\Program Files (x86)\Arduino\lib\batik-rasterizer-1.8.jar;C:\Program Files (x86)\Arduino\lib\batik-script-1.8.jar;C:\Program Files (x86)\Arduino\lib\batik-squiggle-1.8.jar;C:\Program Files (x86)\Arduino\lib\batik-svg-dom-1.8.jar;C:\Program Files (x86)\Arduino\lib\batik-svgpp-1.8.jar;C:\Program Files (x86)\Arduino\lib\batik-transcoder-1.8.jar;C:\Program Files (x86)\Arduino\lib\batik-util-1.8.jar;C:\Program Files (x86)\Arduino\lib\batik-xml-1.8.jar;C:\Program Files (x86)\Arduino\lib\bcpg-jdk15on-152.jar;C:\Program Files (x86)\Arduino\lib\bcprov-jdk15on-152.jar;C:\Program Files (x86)\Arduino\lib\commons-codec-1.7.jar;C:\Program Files (x86)\Arduino\lib\commons-compress-1.8.jar;C:\Program Files (x86)\Arduino\lib\commons-exec-1.1.jar;C:\Program Files (x86)\Arduino\lib\commons-httpclient-3.1.jar;C:\Program Files (x86)\Arduino\lib\commons-lang3-3.8.1.jar;C:\Program Files (x86)\Arduino\lib\commons-logging-1.0.4.jar;C:\Program Files (x86)\Arduino\lib\commons-net-3.3.jar;C:\Program Files (x86)\Arduino\lib\commons-io-2.6.jar;C:\Program Files (x86)\Arduino\lib\jackson-annotations-2.9.5.jar;C:\Program Files (x86)\Arduino\lib\jackson-core-2.9.5.jar;C:\Program Files (x86)\Arduino\lib\jackson-databind-2.9.5.jar;C:\Program Files (x86)\Arduino\lib\java-semver-0.8.0.jar;C:\Program Files (x86)\Arduino\lib\jmdns-3.5.5.jar;C:\Program
Launcher Type: SUN_STANDARD

Environment Variables:
PATH=C:\Program Files (x86)\Common Files\Oracle\Java\javapath;C:\windows\system32;C:\windows;C:\windows\System32\Wbem;C:\windows\System32\WindowsPowerShell\v1.0\;C:\windows\System32\OpenSSH\;C:\Program Files (x86)\NVIDIA Corporation\PhysX\Common;C:\Program Files\NVIDIA Corporation\NVIDIA NvDLISR;C:\Program Files\MATLAB\R2020b\runtime\win64;C:\Program Files\MATLAB\R2020b\bin;C:\WINDOWS\system32;C:\WINDOWS;C:\WINDOWS\System32\Wbem;C:\WINDOWS\System32\WindowsPowerShell\v1.0\;C:\WINDOWS\System32\OpenSSH\;C:\Program Files\Git\cmd;C:\Program Files\Microsoft SQL Server\Client SDK\ODBC\110\Tools\Binn\;C:\Program Files (x86)\Microsoft SQL Server\120\Tools\Binn\;C:\Program Files\Microsoft SQL Server\120\Tools\Binn\;C:\Program Files\Microsoft SQL Server\120\DTS\Binn\;C:\Program Files (x86)\Windows Kits\8.1\Windows Performance Toolkit\;C:\Program Files\dotnet\;C:\Users\gnome\AppData\Local\Microsoft\WindowsApps;;C:\Users\gnome\AppData\Local\Programs\Microsoft VS Code\bin;C:\Program Files (x86)\Arduino\java\bin
USERNAME=gnome
OS=Windows_NT
PROCESSOR_IDENTIFIER=Intel64 Family 6 Model 158 Stepping 10, GenuineIntel



---------------  S Y S T E M  ---------------

OS: Windows 10.0 , 64 bit Build 22000 (10.0.22000.675)

CPU:total 12 (initial active 12) (6 cores per cpu, 2 threads per core) family 6 model 158 stepping 10, cmov, cx8, fxsr, mmx, sse, sse2, sse3, ssse3, sse4.1, sse4.2, popcnt, avx, avx2, aes, clmul, erms, 3dnowpref, lzcnt, ht, tsc, tscinvbit, bmi1, bmi2, adx

Memory: 4k page, physical 16472032k(1898204k free), swap 40589280k(17033440k free)

vm_info: Java HotSpot(TM) Client VM (25.191-b12) for windows-x86 JRE (1.8.0_191-b12), built on Oct  6 2018 08:34:23 by "java_re" with MS VC++ 10.0 (VS2010)

time: Thu May 12 13:55:56 2022
elapsed time: 10236 seconds (0d 2h 50m 36s)

